FXC : warning X4717: Effects deprecated for D3DCompiler_47
C:\Users\Luke\Desktop\Games Technology BSc\Year 3\Advanced Technologies\17024063\Direct X Platformer\DirectX11 Platformer\DirectX11 Platformer\Effects.fx(80,18-35): warning X3206: 'mul': implicit truncation of vector type
C:\Users\Luke\Desktop\Games Technology BSc\Year 3\Advanced Technologies\17024063\Direct X Platformer\DirectX11 Platformer\DirectX11 Platformer\Effects.fx(80,2-35): warning X3206: implicit truncation of vector type
C:\Users\Luke\Desktop\Games Technology BSc\Year 3\Advanced Technologies\17024063\Direct X Platformer\DirectX11 Platformer\DirectX11 Platformer\Effects.fx(82,19-37): warning X3206: 'mul': implicit truncation of vector type
C:\Users\Luke\Desktop\Games Technology BSc\Year 3\Advanced Technologies\17024063\Direct X Platformer\DirectX11 Platformer\DirectX11 Platformer\Effects.fx(82,2-37): warning X3206: implicit truncation of vector type
C:\Users\Luke\Desktop\Games Technology BSc\Year 3\Advanced Technologies\17024063\Direct X Platformer\DirectX11 Platformer\DirectX11 Platformer\Effects.fx(131,27-50): warning X3206: 'mul': implicit truncation of vector type
C:\Users\Luke\Desktop\Games Technology BSc\Year 3\Advanced Technologies\17024063\Direct X Platformer\DirectX11 Platformer\DirectX11 Platformer\Effects.fx(136,1-36): warning X3206: implicit truncation of vector type
C:\Users\Luke\Desktop\Games Technology BSc\Year 3\Advanced Technologies\17024063\Direct X Platformer\DirectX11 Platformer\DirectX11 Platformer\Effects.fx(137,1-78): warning X3206: implicit truncation of vector type
  
  compilation object save succeeded; see C:\Users\Luke\Desktop\Games Technology BSc\Year 3\Advanced Technologies\17024063\Direct X Platformer\DirectX11 Platformer\Debug\Effects.cso
  WinMain.cpp
F:\DirectX113D\Include\dxgitype.h(12,1): warning C4005: 'DXGI_STATUS_OCCLUDED': macro redefinition
C:\Program Files (x86)\Windows Kits\10\Include\10.0.18362.0\shared\winerror.h(55840): message : see previous definition of 'DXGI_STATUS_OCCLUDED'
F:\DirectX113D\Include\dxgitype.h(13,1): warning C4005: 'DXGI_STATUS_CLIPPED': macro redefinition
C:\Program Files (x86)\Windows Kits\10\Include\10.0.18362.0\shared\winerror.h(55849): message : see previous definition of 'DXGI_STATUS_CLIPPED'
F:\DirectX113D\Include\dxgitype.h(14,1): warning C4005: 'DXGI_STATUS_NO_REDIRECTION': macro redefinition
C:\Program Files (x86)\Windows Kits\10\Include\10.0.18362.0\shared\winerror.h(55858): message : see previous definition of 'DXGI_STATUS_NO_REDIRECTION'
F:\DirectX113D\Include\dxgitype.h(15,1): warning C4005: 'DXGI_STATUS_NO_DESKTOP_ACCESS': macro redefinition
C:\Program Files (x86)\Windows Kits\10\Include\10.0.18362.0\shared\winerror.h(55867): message : see previous definition of 'DXGI_STATUS_NO_DESKTOP_ACCESS'
F:\DirectX113D\Include\dxgitype.h(16,1): warning C4005: 'DXGI_STATUS_GRAPHICS_VIDPN_SOURCE_IN_USE': macro redefinition
C:\Program Files (x86)\Windows Kits\10\Include\10.0.18362.0\shared\winerror.h(55876): message : see previous definition of 'DXGI_STATUS_GRAPHICS_VIDPN_SOURCE_IN_USE'
F:\DirectX113D\Include\dxgitype.h(17,1): warning C4005: 'DXGI_STATUS_MODE_CHANGED': macro redefinition
C:\Program Files (x86)\Windows Kits\10\Include\10.0.18362.0\shared\winerror.h(55885): message : see previous definition of 'DXGI_STATUS_MODE_CHANGED'
F:\DirectX113D\Include\dxgitype.h(18,1): warning C4005: 'DXGI_STATUS_MODE_CHANGE_IN_PROGRESS': macro redefinition
C:\Program Files (x86)\Windows Kits\10\Include\10.0.18362.0\shared\winerror.h(55894): message : see previous definition of 'DXGI_STATUS_MODE_CHANGE_IN_PROGRESS'
F:\DirectX113D\Include\dxgitype.h(21,1): warning C4005: 'DXGI_ERROR_INVALID_CALL': macro redefinition
C:\Program Files (x86)\Windows Kits\10\Include\10.0.18362.0\shared\winerror.h(55909): message : see previous definition of 'DXGI_ERROR_INVALID_CALL'
F:\DirectX113D\Include\dxgitype.h(22,1): warning C4005: 'DXGI_ERROR_NOT_FOUND': macro redefinition
C:\Program Files (x86)\Windows Kits\10\Include\10.0.18362.0\shared\winerror.h(55918): message : see previous definition of 'DXGI_ERROR_NOT_FOUND'
F:\DirectX113D\Include\dxgitype.h(23,1): warning C4005: 'DXGI_ERROR_MORE_DATA': macro redefinition
C:\Program Files (x86)\Windows Kits\10\Include\10.0.18362.0\shared\winerror.h(55927): message : see previous definition of 'DXGI_ERROR_MORE_DATA'
F:\DirectX113D\Include\dxgitype.h(24,1): warning C4005: 'DXGI_ERROR_UNSUPPORTED': macro redefinition
C:\Program Files (x86)\Windows Kits\10\Include\10.0.18362.0\shared\winerror.h(55936): message : see previous definition of 'DXGI_ERROR_UNSUPPORTED'
F:\DirectX113D\Include\dxgitype.h(25,1): warning C4005: 'DXGI_ERROR_DEVICE_REMOVED': macro redefinition
C:\Program Files (x86)\Windows Kits\10\Include\10.0.18362.0\shared\winerror.h(55945): message : see previous definition of 'DXGI_ERROR_DEVICE_REMOVED'
F:\DirectX113D\Include\dxgitype.h(26,1): warning C4005: 'DXGI_ERROR_DEVICE_HUNG': macro redefinition
C:\Program Files (x86)\Windows Kits\10\Include\10.0.18362.0\shared\winerror.h(55954): message : see previous definition of 'DXGI_ERROR_DEVICE_HUNG'
F:\DirectX113D\Include\dxgitype.h(27,1): warning C4005: 'DXGI_ERROR_DEVICE_RESET': macro redefinition
C:\Program Files (x86)\Windows Kits\10\Include\10.0.18362.0\shared\winerror.h(55964): message : see previous definition of 'DXGI_ERROR_DEVICE_RESET'
F:\DirectX113D\Include\dxgitype.h(28,1): warning C4005: 'DXGI_ERROR_WAS_STILL_DRAWING': macro redefinition
C:\Program Files (x86)\Windows Kits\10\Include\10.0.18362.0\shared\winerror.h(55973): message : see previous definition of 'DXGI_ERROR_WAS_STILL_DRAWING'
F:\DirectX113D\Include\dxgitype.h(29,1): warning C4005: 'DXGI_ERROR_FRAME_STATISTICS_DISJOINT': macro redefinition
C:\Program Files (x86)\Windows Kits\10\Include\10.0.18362.0\shared\winerror.h(55983): message : see previous definition of 'DXGI_ERROR_FRAME_STATISTICS_DISJOINT'
F:\DirectX113D\Include\dxgitype.h(30,1): warning C4005: 'DXGI_ERROR_GRAPHICS_VIDPN_SOURCE_IN_USE': macro redefinition
C:\Program Files (x86)\Windows Kits\10\Include\10.0.18362.0\shared\winerror.h(55992): message : see previous definition of 'DXGI_ERROR_GRAPHICS_VIDPN_SOURCE_IN_USE'
F:\DirectX113D\Include\dxgitype.h(31,1): warning C4005: 'DXGI_ERROR_DRIVER_INTERNAL_ERROR': macro redefinition
C:\Program Files (x86)\Windows Kits\10\Include\10.0.18362.0\shared\winerror.h(56002): message : see previous definition of 'DXGI_ERROR_DRIVER_INTERNAL_ERROR'
F:\DirectX113D\Include\dxgitype.h(32,1): warning C4005: 'DXGI_ERROR_NONEXCLUSIVE': macro redefinition
C:\Program Files (x86)\Windows Kits\10\Include\10.0.18362.0\shared\winerror.h(56011): message : see previous definition of 'DXGI_ERROR_NONEXCLUSIVE'
F:\DirectX113D\Include\dxgitype.h(33,1): warning C4005: 'DXGI_ERROR_NOT_CURRENTLY_AVAILABLE': macro redefinition
C:\Program Files (x86)\Windows Kits\10\Include\10.0.18362.0\shared\winerror.h(56020): message : see previous definition of 'DXGI_ERROR_NOT_CURRENTLY_AVAILABLE'
F:\DirectX113D\Include\dxgitype.h(34,1): warning C4005: 'DXGI_ERROR_REMOTE_CLIENT_DISCONNECTED': macro redefinition
C:\Program Files (x86)\Windows Kits\10\Include\10.0.18362.0\shared\winerror.h(56030): message : see previous definition of 'DXGI_ERROR_REMOTE_CLIENT_DISCONNECTED'
F:\DirectX113D\Include\dxgitype.h(35,1): warning C4005: 'DXGI_ERROR_REMOTE_OUTOFMEMORY': macro redefinition
C:\Program Files (x86)\Windows Kits\10\Include\10.0.18362.0\shared\winerror.h(56039): message : see previous definition of 'DXGI_ERROR_REMOTE_OUTOFMEMORY'
F:\DirectX113D\Include\d3d11.h(917,1): warning C4005: 'D3D11_ERROR_TOO_MANY_UNIQUE_STATE_OBJECTS': macro redefinition
C:\Program Files (x86)\Windows Kits\10\Include\10.0.18362.0\shared\winerror.h(56303): message : see previous definition of 'D3D11_ERROR_TOO_MANY_UNIQUE_STATE_OBJECTS'
F:\DirectX113D\Include\d3d11.h(918,1): warning C4005: 'D3D11_ERROR_FILE_NOT_FOUND': macro redefinition
C:\Program Files (x86)\Windows Kits\10\Include\10.0.18362.0\shared\winerror.h(56312): message : see previous definition of 'D3D11_ERROR_FILE_NOT_FOUND'
F:\DirectX113D\Include\d3d11.h(919,1): warning C4005: 'D3D11_ERROR_TOO_MANY_UNIQUE_VIEW_OBJECTS': macro redefinition
C:\Program Files (x86)\Windows Kits\10\Include\10.0.18362.0\shared\winerror.h(56322): message : see previous definition of 'D3D11_ERROR_TOO_MANY_UNIQUE_VIEW_OBJECTS'
F:\DirectX113D\Include\d3d11.h(920,1): warning C4005: 'D3D11_ERROR_DEFERRED_CONTEXT_MAP_WITHOUT_INITIAL_DISCARD': macro redefinition
C:\Program Files (x86)\Windows Kits\10\Include\10.0.18362.0\shared\winerror.h(56331): message : see previous definition of 'D3D11_ERROR_DEFERRED_CONTEXT_MAP_WITHOUT_INITIAL_DISCARD'
F:\DirectX113D\Include\d3d10.h(608,1): warning C4005: 'D3D10_ERROR_TOO_MANY_UNIQUE_STATE_OBJECTS': macro redefinition
C:\Program Files (x86)\Windows Kits\10\Include\10.0.18362.0\shared\winerror.h(56279): message : see previous definition of 'D3D10_ERROR_TOO_MANY_UNIQUE_STATE_OBJECTS'
F:\DirectX113D\Include\d3d10.h(609,1): warning C4005: 'D3D10_ERROR_FILE_NOT_FOUND': macro redefinition
C:\Program Files (x86)\Windows Kits\10\Include\10.0.18362.0\shared\winerror.h(56288): message : see previous definition of 'D3D10_ERROR_FILE_NOT_FOUND'
F:\DirectX113D\Include\xnamath.h(2662,52): warning C4838: conversion from 'unsigned int' to 'INT' requires a narrowing conversion
F:\DirectX113D\Include\xnamath.h(2662,64): warning C4838: conversion from 'unsigned int' to 'INT' requires a narrowing conversion
F:\DirectX113D\Include\xnamath.h(2662,76): warning C4838: conversion from 'unsigned int' to 'INT' requires a narrowing conversion
F:\DirectX113D\Include\xnamath.h(2662,88): warning C4838: conversion from 'unsigned int' to 'INT' requires a narrowing conversion
F:\DirectX113D\Include\xnamath.h(2663,52): warning C4838: conversion from 'unsigned int' to 'INT' requires a narrowing conversion
F:\DirectX113D\Include\xnamath.h(2663,64): warning C4838: conversion from 'unsigned int' to 'INT' requires a narrowing conversion
F:\DirectX113D\Include\xnamath.h(2663,76): warning C4838: conversion from 'unsigned int' to 'INT' requires a narrowing conversion
F:\DirectX113D\Include\xnamath.h(2664,52): warning C4838: conversion from 'unsigned int' to 'INT' requires a narrowing conversion
F:\DirectX113D\Include\xnamath.h(2664,64): warning C4838: conversion from 'unsigned int' to 'INT' requires a narrowing conversion
F:\DirectX113D\Include\xnamath.h(2664,76): warning C4838: conversion from 'unsigned int' to 'INT' requires a narrowing conversion
F:\DirectX113D\Include\xnamath.h(2665,52): warning C4838: conversion from 'unsigned int' to 'INT' requires a narrowing conversion
F:\DirectX113D\Include\xnamath.h(2666,64): warning C4838: conversion from 'unsigned int' to 'INT' requires a narrowing conversion
F:\DirectX113D\Include\xnamath.h(2667,76): warning C4838: conversion from 'unsigned int' to 'INT' requires a narrowing conversion
F:\DirectX113D\Include\xnamath.h(2668,88): warning C4838: conversion from 'unsigned int' to 'INT' requires a narrowing conversion
F:\DirectX113D\Include\xnamath.h(2689,46): warning C4838: conversion from 'unsigned int' to 'INT' requires a narrowing conversion
F:\DirectX113D\Include\xnamath.h(2689,58): warning C4838: conversion from 'unsigned int' to 'INT' requires a narrowing conversion
F:\DirectX113D\Include\xnamath.h(2689,70): warning C4838: conversion from 'unsigned int' to 'INT' requires a narrowing conversion
F:\DirectX113D\Include\xnamath.h(2689,82): warning C4838: conversion from 'unsigned int' to 'INT' requires a narrowing conversion
F:\DirectX113D\Include\xnamath.h(2690,88): warning C4838: conversion from 'unsigned int' to 'INT' requires a narrowing conversion
F:\DirectX113D\Include\xnamath.h(2691,88): warning C4838: conversion from 'unsigned int' to 'INT' requires a narrowing conversion
F:\DirectX113D\Include\xnamath.h(2694,88): warning C4838: conversion from 'unsigned int' to 'INT' requires a narrowing conversion
F:\DirectX113D\Include\xnamath.h(2695,88): warning C4838: conversion from 'unsigned int' to 'INT' requires a narrowing conversion
F:\DirectX113D\Include\xnamath.h(2698,64): warning C4838: conversion from 'unsigned int' to 'INT' requires a narrowing conversion
F:\DirectX113D\Include\xnamath.h(2702,76): warning C4838: conversion from 'unsigned int' to 'INT' requires a narrowing conversion
F:\DirectX113D\Include\xnamath.h(2702,88): warning C4838: conversion from 'unsigned int' to 'INT' requires a narrowing conversion
F:\DirectX113D\Include\xnamath.h(2712,65): warning C4838: conversion from 'unsigned int' to 'INT' requires a narrowing conversion
F:\DirectX113D\Include\xnamath.h(2712,91): warning C4838: conversion from 'unsigned int' to 'INT' requires a narrowing conversion
F:\DirectX113D\Include\xnamath.h(2713,52): warning C4838: conversion from 'unsigned int' to 'INT' requires a narrowing conversion
F:\DirectX113D\Include\xnamath.h(2713,78): warning C4838: conversion from 'unsigned int' to 'INT' requires a narrowing conversion
F:\DirectX113D\Include\xnamath.h(2715,52): warning C4838: conversion from 'unsigned int' to 'INT' requires a narrowing conversion
F:\DirectX113D\Include\xnamath.h(2716,52): warning C4838: conversion from 'unsigned int' to 'INT' requires a narrowing conversion
F:\DirectX113D\Include\xnamath.h(2716,65): warning C4838: conversion from 'unsigned int' to 'INT' requires a narrowing conversion
F:\DirectX113D\Include\xnamath.h(2717,52): warning C4838: conversion from 'unsigned int' to 'INT' requires a narrowing conversion
F:\DirectX113D\Include\xnamath.h(2717,65): warning C4838: conversion from 'unsigned int' to 'INT' requires a narrowing conversion
F:\DirectX113D\Include\xnamath.h(2717,78): warning C4838: conversion from 'unsigned int' to 'INT' requires a narrowing conversion
F:\DirectX113D\Include\xnamath.h(2727,54): warning C4838: conversion from 'unsigned int' to 'INT' requires a narrowing conversion
F:\DirectX113D\Include\xnamath.h(2728,56): warning C4838: conversion from 'unsigned int' to 'INT' requires a narrowing conversion
F:\DirectX113D\Include\xnamath.h(2729,58): warning C4838: conversion from 'unsigned int' to 'INT' requires a narrowing conversion
F:\DirectX113D\Include\xnamath.h(2730,54): warning C4838: conversion from 'unsigned int' to 'INT' requires a narrowing conversion
F:\DirectX113D\Include\xnamath.h(2730,65): warning C4838: conversion from 'unsigned int' to 'INT' requires a narrowing conversion
F:\DirectX113D\Include\xnamath.h(2731,56): warning C4838: conversion from 'unsigned int' to 'INT' requires a narrowing conversion
F:\DirectX113D\Include\xnamath.h(2731,67): warning C4838: conversion from 'unsigned int' to 'INT' requires a narrowing conversion
F:\DirectX113D\Include\xnamath.h(2732,54): warning C4838: conversion from 'unsigned int' to 'INT' requires a narrowing conversion
F:\DirectX113D\Include\xnamath.h(2732,67): warning C4838: conversion from 'unsigned int' to 'INT' requires a narrowing conversion
F:\DirectX113D\Include\xnamath.h(2742,60): warning C4838: conversion from 'unsigned int' to 'INT' requires a narrowing conversion
F:\DirectX113D\Include\xnamath.h(2742,79): warning C4838: conversion from 'unsigned int' to 'INT' requires a narrowing conversion
F:\DirectX113D\Include\xnamath.h(2743,70): warning C4838: conversion from 'unsigned int' to 'INT' requires a narrowing conversion
F:\DirectX113D\Include\xnamath.h(2754,73): warning C4838: conversion from 'unsigned int' to 'INT' requires a narrowing conversion
F:\DirectX113D\Include\xnamathconvert.inl(2254,71): warning C4838: conversion from 'unsigned int' to 'INT' requires a narrowing conversion
F:\DirectX113D\Include\xnamathconvert.inl(4523,69): warning C4838: conversion from 'unsigned int' to 'INT' requires a narrowing conversion
F:\DirectX113D\Include\xnamathconvert.inl(4577,68): warning C4838: conversion from 'unsigned int' to 'INT' requires a narrowing conversion
F:\DirectX113D\Include\xnamathconvert.inl(4639,65): warning C4838: conversion from 'unsigned int' to 'INT' requires a narrowing conversion
F:\DirectX113D\Include\xnamathconvert.inl(4707,64): warning C4838: conversion from 'unsigned int' to 'INT' requires a narrowing conversion
F:\DirectX113D\Include\xnamathconvert.inl(4770,64): warning C4838: conversion from 'unsigned int' to 'INT' requires a narrowing conversion
F:\DirectX113D\Include\xnamathconvert.inl(4832,63): warning C4838: conversion from 'unsigned int' to 'INT' requires a narrowing conversion
F:\DirectX113D\Include\xnamathvector.inl(1269,45): warning C4838: conversion from 'unsigned int' to 'INT' requires a narrowing conversion
F:\DirectX113D\Include\xnamathvector.inl(1269,56): warning C4838: conversion from 'unsigned int' to 'INT' requires a narrowing conversion
F:\DirectX113D\Include\xnamathvector.inl(1269,67): warning C4838: conversion from 'unsigned int' to 'INT' requires a narrowing conversion
F:\DirectX113D\Include\xnamathvector.inl(1269,78): warning C4838: conversion from 'unsigned int' to 'INT' requires a narrowing conversion
F:\DirectX113D\Include\xnamathmisc.inl(518,43): warning C4838: conversion from 'unsigned int' to 'INT' requires a narrowing conversion
F:\DirectX113D\Include\xnamathmisc.inl(519,40): warning C4838: conversion from 'unsigned int' to 'INT' requires a narrowing conversion
F:\DirectX113D\Include\xnamathmisc.inl(519,51): warning C4838: conversion from 'unsigned int' to 'INT' requires a narrowing conversion
F:\DirectX113D\Include\D2DErr.h(59,1): warning C4005: 'D2DERR_WRONG_STATE': macro redefinition
C:\Program Files (x86)\Windows Kits\10\Include\10.0.18362.0\shared\winerror.h(56368): message : see previous definition of 'D2DERR_WRONG_STATE'
F:\DirectX113D\Include\D2DErr.h(64,1): warning C4005: 'D2DERR_NOT_INITIALIZED': macro redefinition
C:\Program Files (x86)\Windows Kits\10\Include\10.0.18362.0\shared\winerror.h(56377): message : see previous definition of 'D2DERR_NOT_INITIALIZED'
F:\DirectX113D\Include\D2DErr.h(69,1): warning C4005: 'D2DERR_UNSUPPORTED_OPERATION': macro redefinition
C:\Program Files (x86)\Windows Kits\10\Include\10.0.18362.0\shared\winerror.h(56386): message : see previous definition of 'D2DERR_UNSUPPORTED_OPERATION'
F:\DirectX113D\Include\D2DErr.h(74,1): warning C4005: 'D2DERR_SCANNER_FAILED': macro redefinition
C:\Program Files (x86)\Windows Kits\10\Include\10.0.18362.0\shared\winerror.h(56395): message : see previous definition of 'D2DERR_SCANNER_FAILED'
F:\DirectX113D\Include\D2DErr.h(79,1): warning C4005: 'D2DERR_SCREEN_ACCESS_DENIED': macro redefinition
C:\Program Files (x86)\Windows Kits\10\Include\10.0.18362.0\shared\winerror.h(56404): message : see previous definition of 'D2DERR_SCREEN_ACCESS_DENIED'
F:\DirectX113D\Include\D2DErr.h(84,1): warning C4005: 'D2DERR_DISPLAY_STATE_INVALID': macro redefinition
C:\Program Files (x86)\Windows Kits\10\Include\10.0.18362.0\shared\winerror.h(56413): message : see previous definition of 'D2DERR_DISPLAY_STATE_INVALID'
F:\DirectX113D\Include\D2DErr.h(89,1): warning C4005: 'D2DERR_ZERO_VECTOR': macro redefinition
C:\Program Files (x86)\Windows Kits\10\Include\10.0.18362.0\shared\winerror.h(56422): message : see previous definition of 'D2DERR_ZERO_VECTOR'
F:\DirectX113D\Include\D2DErr.h(97,1): warning C4005: 'D2DERR_INTERNAL_ERROR': macro redefinition
C:\Program Files (x86)\Windows Kits\10\Include\10.0.18362.0\shared\winerror.h(56431): message : see previous definition of 'D2DERR_INTERNAL_ERROR'
F:\DirectX113D\Include\D2DErr.h(103,1): warning C4005: 'D2DERR_DISPLAY_FORMAT_NOT_SUPPORTED': macro redefinition
C:\Program Files (x86)\Windows Kits\10\Include\10.0.18362.0\shared\winerror.h(56440): message : see previous definition of 'D2DERR_DISPLAY_FORMAT_NOT_SUPPORTED'
F:\DirectX113D\Include\D2DErr.h(108,1): warning C4005: 'D2DERR_INVALID_CALL': macro redefinition
C:\Program Files (x86)\Windows Kits\10\Include\10.0.18362.0\shared\winerror.h(56449): message : see previous definition of 'D2DERR_INVALID_CALL'
F:\DirectX113D\Include\D2DErr.h(113,1): warning C4005: 'D2DERR_NO_HARDWARE_DEVICE': macro redefinition
C:\Program Files (x86)\Windows Kits\10\Include\10.0.18362.0\shared\winerror.h(56458): message : see previous definition of 'D2DERR_NO_HARDWARE_DEVICE'
F:\DirectX113D\Include\D2DErr.h(119,1): warning C4005: 'D2DERR_RECREATE_TARGET': macro redefinition
C:\Program Files (x86)\Windows Kits\10\Include\10.0.18362.0\shared\winerror.h(56467): message : see previous definition of 'D2DERR_RECREATE_TARGET'
F:\DirectX113D\Include\D2DErr.h(124,1): warning C4005: 'D2DERR_TOO_MANY_SHADER_ELEMENTS': macro redefinition
C:\Program Files (x86)\Windows Kits\10\Include\10.0.18362.0\shared\winerror.h(56476): message : see previous definition of 'D2DERR_TOO_MANY_SHADER_ELEMENTS'
F:\DirectX113D\Include\D2DErr.h(129,1): warning C4005: 'D2DERR_SHADER_COMPILE_FAILED': macro redefinition
C:\Program Files (x86)\Windows Kits\10\Include\10.0.18362.0\shared\winerror.h(56485): message : see previous definition of 'D2DERR_SHADER_COMPILE_FAILED'
F:\DirectX113D\Include\D2DErr.h(134,1): warning C4005: 'D2DERR_MAX_TEXTURE_SIZE_EXCEEDED': macro redefinition
C:\Program Files (x86)\Windows Kits\10\Include\10.0.18362.0\shared\winerror.h(56494): message : see previous definition of 'D2DERR_MAX_TEXTURE_SIZE_EXCEEDED'
F:\DirectX113D\Include\D2DErr.h(139,1): warning C4005: 'D2DERR_UNSUPPORTED_VERSION': macro redefinition
C:\Program Files (x86)\Windows Kits\10\Include\10.0.18362.0\shared\winerror.h(56503): message : see previous definition of 'D2DERR_UNSUPPORTED_VERSION'
F:\DirectX113D\Include\D2DErr.h(144,1): warning C4005: 'D2DERR_BAD_NUMBER': macro redefinition
C:\Program Files (x86)\Windows Kits\10\Include\10.0.18362.0\shared\winerror.h(56512): message : see previous definition of 'D2DERR_BAD_NUMBER'
F:\DirectX113D\Include\D2DErr.h(149,1): warning C4005: 'D2DERR_WRONG_FACTORY': macro redefinition
C:\Program Files (x86)\Windows Kits\10\Include\10.0.18362.0\shared\winerror.h(56521): message : see previous definition of 'D2DERR_WRONG_FACTORY'
F:\DirectX113D\Include\D2DErr.h(154,1): warning C4005: 'D2DERR_LAYER_ALREADY_IN_USE': macro redefinition
C:\Program Files (x86)\Windows Kits\10\Include\10.0.18362.0\shared\winerror.h(56530): message : see previous definition of 'D2DERR_LAYER_ALREADY_IN_USE'
F:\DirectX113D\Include\D2DErr.h(159,1): warning C4005: 'D2DERR_POP_CALL_DID_NOT_MATCH_PUSH': macro redefinition
C:\Program Files (x86)\Windows Kits\10\Include\10.0.18362.0\shared\winerror.h(56539): message : see previous definition of 'D2DERR_POP_CALL_DID_NOT_MATCH_PUSH'
F:\DirectX113D\Include\D2DErr.h(164,1): warning C4005: 'D2DERR_WRONG_RESOURCE_DOMAIN': macro redefinition
C:\Program Files (x86)\Windows Kits\10\Include\10.0.18362.0\shared\winerror.h(56548): message : see previous definition of 'D2DERR_WRONG_RESOURCE_DOMAIN'
F:\DirectX113D\Include\D2DErr.h(169,1): warning C4005: 'D2DERR_PUSH_POP_UNBALANCED': macro redefinition
C:\Program Files (x86)\Windows Kits\10\Include\10.0.18362.0\shared\winerror.h(56557): message : see previous definition of 'D2DERR_PUSH_POP_UNBALANCED'
F:\DirectX113D\Include\D2DErr.h(174,1): warning C4005: 'D2DERR_RENDER_TARGET_HAS_LAYER_OR_CLIPRECT': macro redefinition
C:\Program Files (x86)\Windows Kits\10\Include\10.0.18362.0\shared\winerror.h(56566): message : see previous definition of 'D2DERR_RENDER_TARGET_HAS_LAYER_OR_CLIPRECT'
F:\DirectX113D\Include\D2DErr.h(179,1): warning C4005: 'D2DERR_INCOMPATIBLE_BRUSH_TYPES': macro redefinition
C:\Program Files (x86)\Windows Kits\10\Include\10.0.18362.0\shared\winerror.h(56575): message : see previous definition of 'D2DERR_INCOMPATIBLE_BRUSH_TYPES'
F:\DirectX113D\Include\D2DErr.h(184,1): warning C4005: 'D2DERR_WIN32_ERROR': macro redefinition
C:\Program Files (x86)\Windows Kits\10\Include\10.0.18362.0\shared\winerror.h(56584): message : see previous definition of 'D2DERR_WIN32_ERROR'
F:\DirectX113D\Include\D2DErr.h(189,1): warning C4005: 'D2DERR_TARGET_NOT_GDI_COMPATIBLE': macro redefinition
C:\Program Files (x86)\Windows Kits\10\Include\10.0.18362.0\shared\winerror.h(56593): message : see previous definition of 'D2DERR_TARGET_NOT_GDI_COMPATIBLE'
F:\DirectX113D\Include\D2DErr.h(194,1): warning C4005: 'D2DERR_TEXT_EFFECT_IS_WRONG_TYPE': macro redefinition
C:\Program Files (x86)\Windows Kits\10\Include\10.0.18362.0\shared\winerror.h(56602): message : see previous definition of 'D2DERR_TEXT_EFFECT_IS_WRONG_TYPE'
F:\DirectX113D\Include\D2DErr.h(201,1): warning C4005: 'D2DERR_TEXT_RENDERER_NOT_RELEASED': macro redefinition
C:\Program Files (x86)\Windows Kits\10\Include\10.0.18362.0\shared\winerror.h(56611): message : see previous definition of 'D2DERR_TEXT_RENDERER_NOT_RELEASED'
F:\DirectX113D\Include\D2DErr.h(206,1): warning C4005: 'D2DERR_EXCEEDS_MAX_BITMAP_SIZE': macro redefinition
C:\Program Files (x86)\Windows Kits\10\Include\10.0.18362.0\shared\winerror.h(56620): message : see previous definition of 'D2DERR_EXCEEDS_MAX_BITMAP_SIZE'
F:\DirectX113D\Include\dwrite.h(4962,1): warning C4005: 'DWRITE_E_FILEFORMAT': macro redefinition
C:\Program Files (x86)\Windows Kits\10\Include\10.0.18362.0\shared\winerror.h(56787): message : see previous definition of 'DWRITE_E_FILEFORMAT'
F:\DirectX113D\Include\dwrite.h(4967,1): warning C4005: 'DWRITE_E_UNEXPECTED': macro redefinition
C:\Program Files (x86)\Windows Kits\10\Include\10.0.18362.0\shared\winerror.h(56796): message : see previous definition of 'DWRITE_E_UNEXPECTED'
F:\DirectX113D\Include\dwrite.h(4972,1): warning C4005: 'DWRITE_E_NOFONT': macro redefinition
C:\Program Files (x86)\Windows Kits\10\Include\10.0.18362.0\shared\winerror.h(56805): message : see previous definition of 'DWRITE_E_NOFONT'
F:\DirectX113D\Include\dwrite.h(4978,1): warning C4005: 'DWRITE_E_FILENOTFOUND': macro redefinition
C:\Program Files (x86)\Windows Kits\10\Include\10.0.18362.0\shared\winerror.h(56814): message : see previous definition of 'DWRITE_E_FILENOTFOUND'
F:\DirectX113D\Include\dwrite.h(4983,1): warning C4005: 'DWRITE_E_FILEACCESS': macro redefinition
C:\Program Files (x86)\Windows Kits\10\Include\10.0.18362.0\shared\winerror.h(56823): message : see previous definition of 'DWRITE_E_FILEACCESS'
F:\DirectX113D\Include\dwrite.h(4988,1): warning C4005: 'DWRITE_E_FONTCOLLECTIONOBSOLETE': macro redefinition
C:\Program Files (x86)\Windows Kits\10\Include\10.0.18362.0\shared\winerror.h(56832): message : see previous definition of 'DWRITE_E_FONTCOLLECTIONOBSOLETE'
F:\DirectX113D\Include\dwrite.h(4993,1): warning C4005: 'DWRITE_E_ALREADYREGISTERED': macro redefinition
C:\Program Files (x86)\Windows Kits\10\Include\10.0.18362.0\shared\winerror.h(56841): message : see previous definition of 'DWRITE_E_ALREADYREGISTERED'
C:\Program Files (x86)\Windows Kits\10\Include\10.0.18362.0\shared\winerror.h(56841): message : F:\DirectX113D\Include\dinput.h: DIRECTINPUT_VERSION undefined. Defaulting to version 0x0800
C:\Users\Luke\Desktop\Games Technology BSc\Year 3\Advanced Technologies\17024063\Direct X Platformer\DirectX11 Platformer\DirectX11 Platformer\WinMain.cpp(618,22): warning C4244: 'initializing': conversion from 'double' to 'float', possible loss of data
C:\Users\Luke\Desktop\Games Technology BSc\Year 3\Advanced Technologies\17024063\Direct X Platformer\DirectX11 Platformer\DirectX11 Platformer\WinMain.cpp(627,14): warning C4244: 'initializing': conversion from 'double' to 'float', possible loss of data
C:\Users\Luke\Desktop\Games Technology BSc\Year 3\Advanced Technologies\17024063\Direct X Platformer\DirectX11 Platformer\DirectX11 Platformer\WinMain.cpp(644,35): warning C4244: 'argument': conversion from 'double' to 'float', possible loss of data
C:\Users\Luke\Desktop\Games Technology BSc\Year 3\Advanced Technologies\17024063\Direct X Platformer\DirectX11 Platformer\DirectX11 Platformer\WinMain.cpp(680,14): warning C4244: 'initializing': conversion from 'double' to 'float', possible loss of data
C:\Users\Luke\Desktop\Games Technology BSc\Year 3\Advanced Technologies\17024063\Direct X Platformer\DirectX11 Platformer\DirectX11 Platformer\WinMain.cpp(924,23): warning C4018: '<': signed/unsigned mismatch
C:\Users\Luke\Desktop\Games Technology BSc\Year 3\Advanced Technologies\17024063\Direct X Platformer\DirectX11 Platformer\DirectX11 Platformer\WinMain.cpp(1038,13): warning C4244: 'initializing': conversion from 'float' to 'int', possible loss of data
C:\Users\Luke\Desktop\Games Technology BSc\Year 3\Advanced Technologies\17024063\Direct X Platformer\DirectX11 Platformer\DirectX11 Platformer\WinMain.cpp(1075,21): warning C4018: '<': signed/unsigned mismatch
C:\Users\Luke\Desktop\Games Technology BSc\Year 3\Advanced Technologies\17024063\Direct X Platformer\DirectX11 Platformer\DirectX11 Platformer\WinMain.cpp(1117,21): warning C4018: '<': signed/unsigned mismatch
C:\Users\Luke\Desktop\Games Technology BSc\Year 3\Advanced Technologies\17024063\Direct X Platformer\DirectX11 Platformer\DirectX11 Platformer\WinMain.cpp(1253,25): warning C4018: '<': signed/unsigned mismatch
C:\Users\Luke\Desktop\Games Technology BSc\Year 3\Advanced Technologies\17024063\Direct X Platformer\DirectX11 Platformer\DirectX11 Platformer\WinMain.cpp(1365,23): warning C4018: '<': signed/unsigned mismatch
C:\Users\Luke\Desktop\Games Technology BSc\Year 3\Advanced Technologies\17024063\Direct X Platformer\DirectX11 Platformer\DirectX11 Platformer\WinMain.cpp(1399,23): warning C4018: '<': signed/unsigned mismatch
C:\Users\Luke\Desktop\Games Technology BSc\Year 3\Advanced Technologies\17024063\Direct X Platformer\DirectX11 Platformer\DirectX11 Platformer\WinMain.cpp(1442,23): warning C4018: '<': signed/unsigned mismatch
C:\Users\Luke\Desktop\Games Technology BSc\Year 3\Advanced Technologies\17024063\Direct X Platformer\DirectX11 Platformer\DirectX11 Platformer\WinMain.cpp(1462,30): warning C4244: 'argument': conversion from 'int' to 'FLOAT', possible loss of data
C:\Users\Luke\Desktop\Games Technology BSc\Year 3\Advanced Technologies\17024063\Direct X Platformer\DirectX11 Platformer\DirectX11 Platformer\WinMain.cpp(1688,26): warning C4018: '<': signed/unsigned mismatch
C:\Users\Luke\Desktop\Games Technology BSc\Year 3\Advanced Technologies\17024063\Direct X Platformer\DirectX11 Platformer\DirectX11 Platformer\WinMain.cpp(1806,26): warning C4018: '<': signed/unsigned mismatch
C:\Users\Luke\Desktop\Games Technology BSc\Year 3\Advanced Technologies\17024063\Direct X Platformer\DirectX11 Platformer\DirectX11 Platformer\WinMain.cpp(2103,28): warning C4018: '<': signed/unsigned mismatch
C:\Users\Luke\Desktop\Games Technology BSc\Year 3\Advanced Technologies\17024063\Direct X Platformer\DirectX11 Platformer\DirectX11 Platformer\WinMain.cpp(2168,30): warning C4018: '<': signed/unsigned mismatch
C:\Users\Luke\Desktop\Games Technology BSc\Year 3\Advanced Technologies\17024063\Direct X Platformer\DirectX11 Platformer\DirectX11 Platformer\WinMain.cpp(2259,21): warning C4018: '<': signed/unsigned mismatch
C:\Users\Luke\Desktop\Games Technology BSc\Year 3\Advanced Technologies\17024063\Direct X Platformer\DirectX11 Platformer\DirectX11 Platformer\WinMain.cpp(2366,28): warning C4244: 'argument': conversion from 'int' to 'FLOAT', possible loss of data
C:\Users\Luke\Desktop\Games Technology BSc\Year 3\Advanced Technologies\17024063\Direct X Platformer\DirectX11 Platformer\DirectX11 Platformer\WinMain.cpp(2367,30): warning C4244: 'argument': conversion from 'int' to 'FLOAT', possible loss of data
C:\Users\Luke\Desktop\Games Technology BSc\Year 3\Advanced Technologies\17024063\Direct X Platformer\DirectX11 Platformer\DirectX11 Platformer\WinMain.cpp(2440,22): warning C4018: '<': signed/unsigned mismatch
C:\Users\Luke\Desktop\Games Technology BSc\Year 3\Advanced Technologies\17024063\Direct X Platformer\DirectX11 Platformer\DirectX11 Platformer\WinMain.cpp(2444,23): warning C4018: '<': signed/unsigned mismatch
C:\Users\Luke\Desktop\Games Technology BSc\Year 3\Advanced Technologies\17024063\Direct X Platformer\DirectX11 Platformer\DirectX11 Platformer\WinMain.cpp(2480,22): warning C4018: '<': signed/unsigned mismatch
C:\Users\Luke\Desktop\Games Technology BSc\Year 3\Advanced Technologies\17024063\Direct X Platformer\DirectX11 Platformer\DirectX11 Platformer\WinMain.cpp(2493,22): warning C4018: '<': signed/unsigned mismatch
C:\Users\Luke\Desktop\Games Technology BSc\Year 3\Advanced Technologies\17024063\Direct X Platformer\DirectX11 Platformer\DirectX11 Platformer\WinMain.cpp(2495,23): warning C4018: '<': signed/unsigned mismatch
C:\Users\Luke\Desktop\Games Technology BSc\Year 3\Advanced Technologies\17024063\Direct X Platformer\DirectX11 Platformer\DirectX11 Platformer\WinMain.cpp(2519,22): warning C4018: '<': signed/unsigned mismatch
C:\Users\Luke\Desktop\Games Technology BSc\Year 3\Advanced Technologies\17024063\Direct X Platformer\DirectX11 Platformer\DirectX11 Platformer\WinMain.cpp(2775,19): warning C4244: '=': conversion from 'int' to 'FLOAT', possible loss of data
C:\Users\Luke\Desktop\Games Technology BSc\Year 3\Advanced Technologies\17024063\Direct X Platformer\DirectX11 Platformer\DirectX11 Platformer\WinMain.cpp(2776,20): warning C4244: '=': conversion from 'int' to 'FLOAT', possible loss of data
C:\Users\Luke\Desktop\Games Technology BSc\Year 3\Advanced Technologies\17024063\Direct X Platformer\DirectX11 Platformer\DirectX11 Platformer\WinMain.cpp(2972,15): warning C4244: '=': conversion from 'float' to '__int64', possible loss of data
C:\Users\Luke\Desktop\Games Technology BSc\Year 3\Advanced Technologies\17024063\Direct X Platformer\DirectX11 Platformer\DirectX11 Platformer\WinMain.cpp(3029,52): warning C4244: 'argument': conversion from 'int' to 'FLOAT', possible loss of data
C:\Users\Luke\Desktop\Games Technology BSc\Year 3\Advanced Technologies\17024063\Direct X Platformer\DirectX11 Platformer\DirectX11 Platformer\WinMain.cpp(3029,45): warning C4244: 'argument': conversion from 'int' to 'FLOAT', possible loss of data
  DirectX11 Platformer.vcxproj -> C:\Users\Luke\Desktop\Games Technology BSc\Year 3\Advanced Technologies\17024063\Direct X Platformer\DirectX11 Platformer\Debug\DirectX11 Platformer.exe
